<?xml version="1.0" encoding="UTF-8"?>
<coverage generated="1729279310579" clover="3.2.0">
  <project timestamp="1729279310579" name="All files">
    <metrics statements="41" coveredstatements="39" conditionals="10" coveredconditionals="8" methods="14" coveredmethods="14" elements="65" coveredelements="61" complexity="0" loc="41" ncloc="41" packages="1" files="2" classes="2"/>
    <file name="Body.js" path="/Users/macbook/Documents/Namaste React/Episode13/Src/Components/Body.js">
      <metrics statements="35" coveredstatements="33" conditionals="8" coveredconditionals="7" methods="11" coveredmethods="11"/>
      <line num="5" count="2" type="stmt"/>
      <line num="6" count="11" type="stmt"/>
      <line num="7" count="11" type="stmt"/>
      <line num="8" count="11" type="stmt"/>
      <line num="9" count="11" type="stmt"/>
      <line num="11" count="11" type="stmt"/>
      <line num="12" count="11" type="stmt"/>
      <line num="13" count="2" type="cond" truecount="1" falsecount="1"/>
      <line num="14" count="27" type="stmt"/>
      <line num="15" count="2" type="stmt"/>
      <line num="16" count="2" type="stmt"/>
      <line num="18" count="0" type="stmt"/>
      <line num="19" count="0" type="stmt"/>
      <line num="23" count="11" type="stmt"/>
      <line num="24" count="5" type="stmt"/>
      <line num="25" count="5" type="stmt"/>
      <line num="27" count="11" type="stmt"/>
      <line num="28" count="5" type="stmt"/>
      <line num="29" count="5" type="stmt"/>
      <line num="32" count="2" type="stmt"/>
      <line num="33" count="2" type="stmt"/>
      <line num="34" count="2" type="stmt"/>
      <line num="37" count="3" type="stmt"/>
      <line num="41" count="11" type="stmt"/>
      <line num="42" count="1" type="stmt"/>
      <line num="43" count="1" type="stmt"/>
      <line num="45" count="27" type="stmt"/>
      <line num="50" count="11" type="stmt"/>
      <line num="51" count="1" type="stmt"/>
      <line num="52" count="1" type="stmt"/>
      <line num="54" count="27" type="stmt"/>
      <line num="60" count="11" type="stmt"/>
      <line num="61" count="11" type="stmt"/>
      <line num="70" count="1" type="stmt"/>
      <line num="79" count="104" type="cond" truecount="2" falsecount="0"/>
    </file>
    <file name="Card.js" path="/Users/macbook/Documents/Namaste React/Episode13/Src/Components/Card.js">
      <metrics statements="6" coveredstatements="6" conditionals="2" coveredconditionals="1" methods="3" coveredmethods="3"/>
      <line num="1" count="3" type="stmt"/>
      <line num="2" count="106" type="stmt"/>
      <line num="3" count="106" type="stmt"/>
      <line num="19" count="3" type="stmt"/>
      <line num="20" count="12" type="stmt"/>
      <line num="21" count="53" type="stmt"/>
    </file>
  </project>
</coverage>
