{"/Users/macbook/Documents/Namaste React/Episode13/Src/Components/Body.js": {"path":"/Users/macbook/Documents/Namaste React/Episode13/Src/Components/Body.js","statementMap":{"0":{"start":{"line":5,"column":13},"end":{"line":89,"column":1}},"1":{"start":{"line":6,"column":34},"end":{"line":6,"column":49}},"2":{"start":{"line":7,"column":46},"end":{"line":7,"column":58}},"3":{"start":{"line":8,"column":34},"end":{"line":8,"column":46}},"4":{"start":{"line":9,"column":30},"end":{"line":9,"column":42}},"5":{"start":{"line":11,"column":2},"end":{"line":11,"column":22}},"6":{"start":{"line":12,"column":21},"end":{"line":21,"column":3}},"7":{"start":{"line":13,"column":4},"end":{"line":20,"column":5}},"8":{"start":{"line":14,"column":19},"end":{"line":14,"column":75}},"9":{"start":{"line":14,"column":51},"end":{"line":14,"column":74}},"10":{"start":{"line":15,"column":6},"end":{"line":15,"column":26}},"11":{"start":{"line":16,"column":6},"end":{"line":16,"column":29}},"12":{"start":{"line":18,"column":6},"end":{"line":18,"column":29}},"13":{"start":{"line":19,"column":6},"end":{"line":19,"column":34}},"14":{"start":{"line":23,"column":2},"end":{"line":26,"column":9}},"15":{"start":{"line":24,"column":4},"end":{"line":24,"column":15}},"16":{"start":{"line":25,"column":4},"end":{"line":25,"column":28}},"17":{"start":{"line":27,"column":19},"end":{"line":39,"column":3}},"18":{"start":{"line":28,"column":4},"end":{"line":38,"column":5}},"19":{"start":{"line":29,"column":17},"end":{"line":31,"column":7}},"20":{"start":{"line":32,"column":6},"end":{"line":32,"column":31}},"21":{"start":{"line":33,"column":6},"end":{"line":33,"column":39}},"22":{"start":{"line":34,"column":6},"end":{"line":34,"column":33}},"23":{"start":{"line":35,"column":6},"end":{"line":35,"column":24}},"24":{"start":{"line":37,"column":6},"end":{"line":37,"column":33}},"25":{"start":{"line":41,"column":23},"end":{"line":48,"column":3}},"26":{"start":{"line":42,"column":4},"end":{"line":42,"column":23}},"27":{"start":{"line":43,"column":4},"end":{"line":47,"column":6}},"28":{"start":{"line":45,"column":8},"end":{"line":45,"column":63}},"29":{"start":{"line":50,"column":24},"end":{"line":57,"column":3}},"30":{"start":{"line":51,"column":4},"end":{"line":51,"column":30}},"31":{"start":{"line":52,"column":4},"end":{"line":56,"column":6}},"32":{"start":{"line":54,"column":8},"end":{"line":54,"column":63}},"33":{"start":{"line":60,"column":26},"end":{"line":60,"column":56}},"34":{"start":{"line":61,"column":2},"end":{"line":88,"column":4}},"35":{"start":{"line":69,"column":29},"end":{"line":69,"column":45}},"36":{"start":{"line":78,"column":10},"end":{"line":82,"column":11}}},"fnMap":{"0":{"name":"(anonymous_0)","decl":{"start":{"line":5,"column":13},"end":{"line":5,"column":14}},"loc":{"start":{"line":5,"column":19},"end":{"line":89,"column":1}},"line":5},"1":{"name":"(anonymous_1)","decl":{"start":{"line":12,"column":21},"end":{"line":12,"column":22}},"loc":{"start":{"line":12,"column":27},"end":{"line":21,"column":3}},"line":12},"2":{"name":"(anonymous_2)","decl":{"start":{"line":14,"column":42},"end":{"line":14,"column":43}},"loc":{"start":{"line":14,"column":51},"end":{"line":14,"column":74}},"line":14},"3":{"name":"(anonymous_3)","decl":{"start":{"line":23,"column":12},"end":{"line":23,"column":13}},"loc":{"start":{"line":23,"column":18},"end":{"line":26,"column":3}},"line":23},"4":{"name":"(anonymous_4)","decl":{"start":{"line":27,"column":19},"end":{"line":27,"column":20}},"loc":{"start":{"line":27,"column":31},"end":{"line":39,"column":3}},"line":27},"5":{"name":"(anonymous_5)","decl":{"start":{"line":41,"column":23},"end":{"line":41,"column":24}},"loc":{"start":{"line":41,"column":30},"end":{"line":48,"column":3}},"line":41},"6":{"name":"(anonymous_6)","decl":{"start":{"line":44,"column":28},"end":{"line":44,"column":29}},"loc":{"start":{"line":45,"column":8},"end":{"line":45,"column":63}},"line":45},"7":{"name":"(anonymous_7)","decl":{"start":{"line":50,"column":24},"end":{"line":50,"column":25}},"loc":{"start":{"line":50,"column":31},"end":{"line":57,"column":3}},"line":50},"8":{"name":"(anonymous_8)","decl":{"start":{"line":53,"column":28},"end":{"line":53,"column":29}},"loc":{"start":{"line":54,"column":8},"end":{"line":54,"column":63}},"line":54},"9":{"name":"(anonymous_9)","decl":{"start":{"line":69,"column":22},"end":{"line":69,"column":23}},"loc":{"start":{"line":69,"column":29},"end":{"line":69,"column":45}},"line":69},"10":{"name":"(anonymous_10)","decl":{"start":{"line":77,"column":22},"end":{"line":77,"column":23}},"loc":{"start":{"line":78,"column":10},"end":{"line":82,"column":11}},"line":78}},"branchMap":{"0":{"loc":{"start":{"line":13,"column":4},"end":{"line":20,"column":5}},"type":"if","locations":[{"start":{"line":13,"column":4},"end":{"line":20,"column":5}},{"start":{"line":17,"column":11},"end":{"line":20,"column":5}}],"line":13},"1":{"loc":{"start":{"line":65,"column":11},"end":{"line":65,"column":57}},"type":"cond-expr","locations":[{"start":{"line":65,"column":23},"end":{"line":65,"column":44}},{"start":{"line":65,"column":47},"end":{"line":65,"column":57}}],"line":65},"2":{"loc":{"start":{"line":76,"column":7},"end":{"line":86,"column":7}},"type":"cond-expr","locations":[{"start":{"line":77,"column":8},"end":{"line":83,"column":9}},{"start":{"line":85,"column":8},"end":{"line":85,"column":30}}],"line":76},"3":{"loc":{"start":{"line":78,"column":10},"end":{"line":82,"column":11}},"type":"cond-expr","locations":[{"start":{"line":79,"column":12},"end":{"line":79,"column":68}},{"start":{"line":81,"column":12},"end":{"line":81,"column":57}}],"line":78}},"s":{"0":1,"1":2,"2":2,"3":2,"4":2,"5":2,"6":2,"7":0,"8":0,"9":0,"10":0,"11":0,"12":0,"13":0,"14":2,"15":2,"16":2,"17":2,"18":2,"19":2,"20":0,"21":0,"22":0,"23":0,"24":2,"25":2,"26":0,"27":0,"28":0,"29":2,"30":0,"31":0,"32":0,"33":2,"34":2,"35":0,"36":0},"f":{"0":2,"1":0,"2":0,"3":2,"4":2,"5":0,"6":0,"7":0,"8":0,"9":0,"10":0},"b":{"0":[0,0],"1":[2,0],"2":[0,2],"3":[0,0]},"_coverageSchema":"1a1c01bbd47fc00a2c39e90264f33305004495a9","hash":"1bdb8624cf70a322744f348aec39695d7ba3d463"}
,"/Users/macbook/Documents/Namaste React/Episode13/Src/Components/Card.js": {"path":"/Users/macbook/Documents/Namaste React/Episode13/Src/Components/Card.js","statementMap":{"0":{"start":{"line":1,"column":13},"end":{"line":16,"column":1}},"1":{"start":{"line":2,"column":43},"end":{"line":2,"column":46}},"2":{"start":{"line":3,"column":2},"end":{"line":15,"column":4}},"3":{"start":{"line":19,"column":33},"end":{"line":38,"column":1}},"4":{"start":{"line":20,"column":2},"end":{"line":37,"column":4}},"5":{"start":{"line":21,"column":4},"end":{"line":36,"column":6}}},"fnMap":{"0":{"name":"(anonymous_0)","decl":{"start":{"line":1,"column":13},"end":{"line":1,"column":14}},"loc":{"start":{"line":1,"column":26},"end":{"line":16,"column":1}},"line":1},"1":{"name":"(anonymous_1)","decl":{"start":{"line":19,"column":33},"end":{"line":19,"column":34}},"loc":{"start":{"line":19,"column":43},"end":{"line":38,"column":1}},"line":19},"2":{"name":"(anonymous_2)","decl":{"start":{"line":20,"column":9},"end":{"line":20,"column":10}},"loc":{"start":{"line":20,"column":20},"end":{"line":37,"column":3}},"line":20}},"branchMap":{"0":{"loc":{"start":{"line":7,"column":33},"end":{"line":7,"column":68}},"type":"cond-expr","locations":[{"start":{"line":7,"column":54},"end":{"line":7,"column":60}},{"start":{"line":7,"column":63},"end":{"line":7,"column":68}}],"line":7}},"s":{"0":1,"1":0,"2":0,"3":1,"4":2,"5":0},"f":{"0":0,"1":2,"2":0},"b":{"0":[0,0]},"_coverageSchema":"1a1c01bbd47fc00a2c39e90264f33305004495a9","hash":"cab93b21724b01302b6e378bd36a4f61a432e25c"}
,"/Users/macbook/Documents/Namaste React/Episode13/Src/Components/Loading.js": {"path":"/Users/macbook/Documents/Namaste React/Episode13/Src/Components/Loading.js","statementMap":{"0":{"start":{"line":4,"column":16},"end":{"line":9,"column":1}},"1":{"start":{"line":5,"column":27},"end":{"line":7,"column":4}},"2":{"start":{"line":6,"column":4},"end":{"line":6,"column":32}},"3":{"start":{"line":8,"column":2},"end":{"line":8,"column":33}}},"fnMap":{"0":{"name":"(anonymous_0)","decl":{"start":{"line":4,"column":16},"end":{"line":4,"column":17}},"loc":{"start":{"line":4,"column":31},"end":{"line":9,"column":1}},"line":4},"1":{"name":"(anonymous_1)","decl":{"start":{"line":5,"column":57},"end":{"line":5,"column":58}},"loc":{"start":{"line":6,"column":4},"end":{"line":6,"column":32}},"line":6}},"branchMap":{},"s":{"0":1,"1":2,"2":30,"3":2},"f":{"0":2,"1":30},"b":{},"_coverageSchema":"1a1c01bbd47fc00a2c39e90264f33305004495a9","hash":"e098d36c98a3a6ba09b1eeef8950650d6efc7799"}
,"/Users/macbook/Documents/Namaste React/Episode13/Src/Components/SkeletonCard.js": {"path":"/Users/macbook/Documents/Namaste React/Episode13/Src/Components/SkeletonCard.js","statementMap":{"0":{"start":{"line":3,"column":21},"end":{"line":5,"column":1}},"1":{"start":{"line":4,"column":2},"end":{"line":4,"column":38}}},"fnMap":{"0":{"name":"(anonymous_0)","decl":{"start":{"line":3,"column":21},"end":{"line":3,"column":22}},"loc":{"start":{"line":3,"column":27},"end":{"line":5,"column":1}},"line":3}},"branchMap":{},"s":{"0":1,"1":30},"f":{"0":30},"b":{},"_coverageSchema":"1a1c01bbd47fc00a2c39e90264f33305004495a9","hash":"67d4001321ef1f54cbf8601f31cd0ec2e15c7ac1"}
,"/Users/macbook/Documents/Namaste React/Episode13/Src/Components/sum.js": {"path":"/Users/macbook/Documents/Namaste React/Episode13/Src/Components/sum.js","statementMap":{"0":{"start":{"line":1,"column":12},"end":{"line":3,"column":1}},"1":{"start":{"line":2,"column":2},"end":{"line":2,"column":15}}},"fnMap":{"0":{"name":"(anonymous_0)","decl":{"start":{"line":1,"column":12},"end":{"line":1,"column":13}},"loc":{"start":{"line":1,"column":22},"end":{"line":3,"column":1}},"line":1}},"branchMap":{},"s":{"0":1,"1":1},"f":{"0":1},"b":{},"_coverageSchema":"1a1c01bbd47fc00a2c39e90264f33305004495a9","hash":"da365b5ed5784ceb6a363fb1336eb3ea932fc13c"}
}
