TN:
SF:Src/Components/Body.js
FN:5,(anonymous_0)
FN:12,(anonymous_1)
FN:14,(anonymous_2)
FN:23,(anonymous_3)
FN:27,(anonymous_4)
FN:41,(anonymous_5)
FN:44,(anonymous_6)
FN:50,(anonymous_7)
FN:53,(anonymous_8)
FN:69,(anonymous_9)
FN:77,(anonymous_10)
FNF:11
FNH:4
FNDA:4,(anonymous_0)
FNDA:1,(anonymous_1)
FNDA:0,(anonymous_2)
FNDA:3,(anonymous_3)
FNDA:3,(anonymous_4)
FNDA:0,(anonymous_5)
FNDA:0,(anonymous_6)
FNDA:0,(anonymous_7)
FNDA:0,(anonymous_8)
FNDA:0,(anonymous_9)
FNDA:0,(anonymous_10)
DA:5,1
DA:6,4
DA:7,4
DA:8,4
DA:9,4
DA:11,4
DA:12,4
DA:13,1
DA:14,1
DA:15,1
DA:16,1
DA:18,0
DA:19,0
DA:23,4
DA:24,3
DA:25,3
DA:27,4
DA:28,3
DA:29,3
DA:32,0
DA:33,0
DA:34,0
DA:35,0
DA:37,3
DA:41,4
DA:42,0
DA:43,0
DA:45,0
DA:50,4
DA:51,0
DA:52,0
DA:54,0
DA:60,4
DA:61,4
DA:69,0
DA:78,0
LF:36
LH:22
BRDA:13,0,0,1
BRDA:13,0,1,0
BRDA:65,1,0,3
BRDA:65,1,1,1
BRDA:76,2,0,0
BRDA:76,2,1,4
BRDA:78,3,0,0
BRDA:78,3,1,0
BRF:8
BRH:4
end_of_record
TN:
SF:Src/Components/Card.js
FN:1,(anonymous_0)
FN:19,(anonymous_1)
FN:20,(anonymous_2)
FNF:3
FNH:3
FNDA:2,(anonymous_0)
FNDA:5,(anonymous_1)
FNDA:1,(anonymous_2)
DA:1,2
DA:2,2
DA:3,2
DA:19,2
DA:20,5
DA:21,1
LF:6
LH:6
BRDA:7,0,0,2
BRDA:7,0,1,0
BRF:2
BRH:1
end_of_record
TN:
SF:Src/Components/Loading.js
FN:4,(anonymous_0)
FN:5,(anonymous_1)
FNF:2
FNH:2
FNDA:4,(anonymous_0)
FNDA:60,(anonymous_1)
DA:4,1
DA:5,4
DA:6,60
DA:8,4
LF:4
LH:4
BRF:0
BRH:0
end_of_record
TN:
SF:Src/Components/NavBar.js
FN:4,NavBar
FNF:1
FNH:1
FNDA:2,NavBar
DA:5,2
DA:6,2
LF:2
LH:2
BRF:0
BRH:0
end_of_record
TN:
SF:Src/Components/SkeletonCard.js
FN:3,(anonymous_0)
FNF:1
FNH:1
FNDA:60,(anonymous_0)
DA:3,1
DA:4,60
LF:2
LH:2
BRF:0
BRH:0
end_of_record
TN:
SF:Src/Components/sum.js
FN:1,(anonymous_0)
FNF:1
FNH:1
FNDA:1,(anonymous_0)
DA:1,1
DA:2,1
LF:2
LH:2
BRF:0
BRH:0
end_of_record
TN:
SF:Src/Utils/links.js
FNF:0
FNH:0
DA:2,1
LF:1
LH:1
BRF:0
BRH:0
end_of_record
