TN:
SF:Src/Components/Body.js
FN:5,(anonymous_0)
FN:12,(anonymous_1)
FN:14,(anonymous_2)
FN:23,(anonymous_3)
FN:27,(anonymous_4)
FN:41,(anonymous_5)
FN:44,(anonymous_6)
FN:50,(anonymous_7)
FN:53,(anonymous_8)
FN:70,(anonymous_9)
FN:78,(anonymous_10)
FNF:11
FNH:11
FNDA:11,(anonymous_0)
FNDA:2,(anonymous_1)
FNDA:27,(anonymous_2)
FNDA:5,(anonymous_3)
FNDA:5,(anonymous_4)
FNDA:1,(anonymous_5)
FNDA:27,(anonymous_6)
FNDA:1,(anonymous_7)
FNDA:27,(anonymous_8)
FNDA:1,(anonymous_9)
FNDA:104,(anonymous_10)
DA:5,2
DA:6,11
DA:7,11
DA:8,11
DA:9,11
DA:11,11
DA:12,11
DA:13,2
DA:14,27
DA:15,2
DA:16,2
DA:18,0
DA:19,0
DA:23,11
DA:24,5
DA:25,5
DA:27,11
DA:28,5
DA:29,5
DA:32,2
DA:33,2
DA:34,2
DA:37,3
DA:41,11
DA:42,1
DA:43,1
DA:45,27
DA:50,11
DA:51,1
DA:52,1
DA:54,27
DA:60,11
DA:61,11
DA:70,1
DA:79,104
LF:35
LH:33
BRDA:13,0,0,2
BRDA:13,0,1,0
BRDA:65,1,0,9
BRDA:65,1,1,2
BRDA:77,2,0,5
BRDA:77,2,1,6
BRDA:79,3,0,52
BRDA:79,3,1,52
BRF:8
BRH:7
end_of_record
TN:
SF:Src/Components/Card.js
FN:1,(anonymous_0)
FN:19,(anonymous_1)
FN:20,(anonymous_2)
FNF:3
FNH:3
FNDA:106,(anonymous_0)
FNDA:12,(anonymous_1)
FNDA:53,(anonymous_2)
DA:1,3
DA:2,106
DA:3,106
DA:19,3
DA:20,12
DA:21,53
LF:6
LH:6
BRDA:7,0,0,106
BRDA:7,0,1,0
BRF:2
BRH:1
end_of_record
